model-1632425951,1632425959.412,0.5,0.5084,0.51,0.3121
model-1632425951,1632425960.083,0.43,0.3173,0.49,0.6678
model-1632425951,1632425960.724,0.46,0.6403,0.49,0.2592
model-1632425951,1632425961.365,0.59,0.2544,0.49,0.3383
model-1632425951,1632425962.002,0.47,0.3384,0.49,0.3862
model-1632425951,1632425962.64,0.55,0.3842,0.5,0.4021
model-1632425951,1632425963.276,0.54,0.4021,0.46,0.4037
model-1632425951,1632425963.911,0.42,0.4066,0.5,0.3963
model-1632425951,1632425964.547,0.49,0.3956,0.51,0.3812
model-1632425951,1632425965.186,0.5,0.3805,0.51,0.358
model-1632425951,1632425965.825,0.45,0.3587,0.51,0.3258
model-1632425951,1632425966.463,0.44,0.3283,0.51,0.288
model-1632425951,1632425967.1,0.45,0.2898,0.51,0.2588
model-1632425951,1632425967.739,0.51,0.2574,0.51,0.2666
model-1632425951,1632425968.376,0.4,0.2664,0.49,0.3063
model-1632425951,1632425969.04,0.5,0.3073,0.49,0.309
model-1632425951,1632425969.684,0.6,0.3034,0.49,0.2819
model-1632425951,1632425970.326,0.47,0.2882,0.49,0.2631
model-1632425951,1632425970.969,0.58,0.2512,0.49,0.2656
model-1632425951,1632425971.617,0.5,0.2673,0.49,0.2739
model-1632425951,1632425972.379,0.5,0.2718,0.49,0.2801
model-1632425951,1632425973.017,0.54,0.2767,0.49,0.2812
model-1632425951,1632425973.657,0.43,0.2842,0.49,0.2768
model-1632425951,1632425974.294,0.47,0.2785,0.5,0.2688
model-1632425951,1632425974.931,0.4,0.2698,0.51,0.26
model-1632425951,1632425975.568,0.53,0.2596,0.51,0.2541
model-1632425951,1632425976.204,0.54,0.2522,0.51,0.2547
model-1632425951,1632425976.842,0.49,0.2566,0.51,0.2609
model-1632425951,1632425977.479,0.51,0.26,0.51,0.2662
model-1632425951,1632425978.116,0.39,0.2807,0.51,0.2629
model-1632425951,1632425978.752,0.58,0.2571,0.51,0.2569
model-1632425951,1632425979.389,0.53,0.2569,0.51,0.2528
model-1632425951,1632425980.025,0.41,0.2562,0.47,0.253
model-1632425951,1632425980.663,0.5,0.2534,0.49,0.2557
model-1632425951,1632425981.3,0.51,0.2546,0.49,0.2586
model-1632425951,1632425981.937,0.53,0.2576,0.49,0.2599
model-1632425951,1632425982.572,0.5,0.259,0.49,0.2593
model-1632425951,1632425983.21,0.53,0.2552,0.49,0.2577
model-1632425951,1632425983.844,0.47,0.2581,0.49,0.2557
model-1632425951,1632425984.481,0.67,0.2413,0.49,0.2563
model-1632425951,1632425985.123,0.46,0.2596,0.49,0.2573
model-1632425951,1632425985.778,0.48,0.2574,0.49,0.2576
model-1632425951,1632425986.432,0.44,0.2627,0.49,0.2557
model-1632425951,1632425987.07,0.53,0.2543,0.49,0.2534
model-1632425951,1632425987.744,0.42,0.2553,0.51,0.2516
model-1632425951,1632425988.474,0.44,0.2531,0.51,0.2514
model-1632425951,1632425989.305,0.55,0.2492,0.51,0.2523
model-1632425951,1632425989.948,0.49,0.2532,0.51,0.2533
model-1632425951,1632425990.585,0.47,0.2567,0.51,0.2537
model-1632425951,1632425991.222,0.6,0.2448,0.51,0.2539
model-1632425951,1632425991.859,0.51,0.2549,0.51,0.2536
model-1632425951,1632425992.497,0.46,0.2601,0.51,0.253
model-1632425951,1632425993.134,0.57,0.2458,0.51,0.2528
model-1632425951,1632425993.772,0.53,0.2501,0.51,0.2529
model-1632425951,1632425994.41,0.52,0.2521,0.51,0.2528
model-1632425951,1632425995.048,0.61,0.2431,0.51,0.253
model-1632425951,1632425995.686,0.49,0.2551,0.51,0.2524
model-1632425951,1632425996.322,0.55,0.2496,0.51,0.2518
model-1632425951,1632425996.96,0.47,0.2557,0.51,0.2512
model-1632425951,1632425997.598,0.54,0.2499,0.51,0.2512
model-1632425951,1632425998.237,0.53,0.25,0.51,0.2514
model-1632425951,1632425998.876,0.5,0.2514,0.51,0.2516
model-1632425951,1632425999.516,0.49,0.2519,0.52,0.2516
model-1632425951,1632426000.154,0.4,0.2529,0.49,0.2518
model-1632425951,1632426000.793,0.45,0.2528,0.49,0.252
model-1632425951,1632426001.432,0.46,0.2531,0.49,0.2522
model-1632425951,1632426002.071,0.5,0.2523,0.49,0.2524
model-1632425951,1632426002.713,0.56,0.25,0.49,0.2526
model-1632425951,1632426003.352,0.51,0.2515,0.49,0.2524
model-1632425951,1632426003.991,0.52,0.2507,0.49,0.2522
model-1632425951,1632426004.631,0.54,0.2499,0.49,0.2522
model-1632425951,1632426005.271,0.54,0.2493,0.49,0.2525
model-1632425951,1632426005.912,0.53,0.2498,0.49,0.2528
model-1632425951,1632426006.551,0.6,0.2462,0.49,0.2536
model-1632425951,1632426007.19,0.48,0.2549,0.49,0.2538
model-1632425951,1632426007.828,0.42,0.2589,0.49,0.2528
model-1632425951,1632426008.468,0.55,0.249,0.49,0.2521
model-1632425951,1632426009.106,0.48,0.2523,0.49,0.2514
model-1632425951,1632426009.744,0.5,0.2511,0.49,0.2508
model-1632425951,1632426010.382,0.49,0.2515,0.49,0.2504
model-1632425951,1632426011.02,0.56,0.2506,0.51,0.2504
model-1632425951,1632426011.659,0.44,0.2526,0.51,0.2504
model-1632425951,1632426012.297,0.48,0.2521,0.51,0.2503
model-1632425951,1632426012.934,0.52,0.2498,0.51,0.2503
model-1632425951,1632426013.575,0.5,0.2509,0.51,0.2504
model-1632425951,1632426014.212,0.46,0.2527,0.51,0.2502
model-1632425951,1632426014.853,0.46,0.2519,0.51,0.2501
model-1632425951,1632426015.494,0.52,0.25,0.53,0.2503
model-1632425951,1632426016.134,0.62,0.2499,0.49,0.2507
model-1632425951,1632426016.773,0.46,0.2514,0.49,0.2507
model-1632425951,1632426017.416,0.47,0.2515,0.49,0.2507
model-1632425951,1632426018.055,0.58,0.2479,0.49,0.251
model-1632425951,1632426018.694,0.47,0.2516,0.49,0.2509
model-1632425951,1632426019.332,0.54,0.2488,0.49,0.251
model-1632425951,1632426019.973,0.46,0.2526,0.49,0.2508
model-1632425951,1632426020.616,0.45,0.2522,0.49,0.2502
model-1632425951,1632426021.257,0.4,0.2512,0.5,0.2497
model-1632425951,1632426021.896,0.43,0.2507,0.51,0.2497
model-1632425951,1632426022.534,0.51,0.2495,0.51,0.2497
model-1632425951,1632426023.172,0.47,0.2514,0.51,0.2496
model-1632425951,1632426023.814,0.48,0.2501,0.51,0.2495
model-1632425951,1632426024.452,0.5,0.2494,0.51,0.2494
model-1632425951,1632426025.092,0.45,0.2517,0.52,0.2494
model-1632425951,1632426025.732,0.56,0.2489,0.56,0.2496
model-1632425951,1632426026.372,0.45,0.2508,0.52,0.2496
model-1632425951,1632426027.012,0.5,0.2502,0.57,0.2493
model-1632425951,1632426027.651,0.64,0.2478,0.49,0.2498
model-1632425951,1632426028.293,0.45,0.2507,0.49,0.2498
model-1632425951,1632426028.932,0.42,0.2515,0.5,0.2496
model-1632425951,1632426029.575,0.44,0.2503,0.59,0.2492
model-1632425951,1632426030.215,0.53,0.2503,0.55,0.2489
model-1632425951,1632426030.855,0.5,0.2491,0.49,0.2489
model-1632425951,1632426031.498,0.51,0.2489,0.5,0.2491
model-1632425951,1632426032.141,0.55,0.2472,0.51,0.2494
model-1632425951,1632426032.783,0.47,0.2514,0.51,0.2494
model-1632425951,1632426033.426,0.53,0.248,0.51,0.2493
model-1632425951,1632426034.07,0.54,0.2461,0.51,0.2493
model-1632425951,1632426034.714,0.52,0.2474,0.51,0.249
model-1632425951,1632426035.353,0.47,0.2538,0.49,0.2485
model-1632425951,1632426035.996,0.51,0.2506,0.53,0.2481
model-1632425951,1632426036.637,0.53,0.2484,0.56,0.248
model-1632425951,1632426037.277,0.54,0.2496,0.53,0.2485
model-1632425951,1632426037.917,0.55,0.2478,0.49,0.2494
model-1632425951,1632426038.561,0.52,0.2485,0.49,0.2505
model-1632425951,1632426039.204,0.5,0.2507,0.49,0.2512
model-1632425951,1632426039.844,0.55,0.2446,0.49,0.2517
model-1632425951,1632426040.487,0.49,0.2496,0.49,0.2508
model-1632425951,1632426041.129,0.46,0.2516,0.49,0.2491
model-1632425951,1632426041.772,0.51,0.2475,0.6,0.2472
model-1632425951,1632426042.415,0.62,0.245,0.61,0.2468
model-1632425951,1632426043.059,0.56,0.2491,0.56,0.2471
model-1632425951,1632426043.699,0.53,0.251,0.56,0.2463
model-1632425951,1632426044.341,0.56,0.2475,0.64,0.2461
model-1632425951,1632426044.984,0.52,0.25,0.62,0.2466
model-1632425951,1632426045.624,0.62,0.2451,0.49,0.2476
model-1632425951,1632426046.264,0.5,0.2485,0.49,0.2479
model-1632425951,1632426046.905,0.41,0.2517,0.61,0.2463
model-1632425951,1632426047.544,0.58,0.2441,0.63,0.2452
model-1632425951,1632426048.188,0.6,0.2454,0.64,0.2447
model-1632425951,1632426048.83,0.55,0.2429,0.63,0.2455
model-1632425951,1632426049.471,0.57,0.2453,0.62,0.2444
model-1632425951,1632426050.109,0.61,0.2418,0.64,0.2435
model-1632425951,1632426050.751,0.56,0.2493,0.6,0.2436
model-1632425951,1632426051.39,0.64,0.2428,0.58,0.2456
model-1632425951,1632426052.029,0.51,0.2489,0.59,0.2429
model-1632425951,1632426052.667,0.57,0.2482,0.57,0.2427
model-1632425951,1632426053.311,0.66,0.2308,0.51,0.2448
model-1632425951,1632426053.95,0.63,0.2293,0.5,0.245
model-1632425951,1632426054.594,0.53,0.2421,0.62,0.24
model-1632425951,1632426055.233,0.53,0.2488,0.58,0.2426
model-1632425951,1632426055.873,0.46,0.257,0.62,0.2401
model-1632425951,1632426056.516,0.59,0.2399,0.61,0.2414
model-1632425951,1632426057.161,0.66,0.2274,0.5,0.2499
model-1632425951,1632426057.805,0.54,0.2587,0.52,0.2489
model-1632425951,1632426058.447,0.57,0.252,0.64,0.2385
model-1632425951,1632426059.088,0.72,0.2314,0.6,0.2378
model-1632425951,1632426059.729,0.53,0.2418,0.64,0.2379
model-1632425951,1632426060.372,0.54,0.2439,0.65,0.2356
model-1632425951,1632426061.012,0.62,0.2355,0.63,0.237
model-1632425951,1632426061.653,0.65,0.2251,0.63,0.2362
model-1632425951,1632426062.297,0.57,0.2341,0.65,0.2349
model-1632425951,1632426062.938,0.66,0.216,0.65,0.2346
model-1632425951,1632426063.577,0.65,0.2395,0.62,0.2379
model-1632425951,1632426064.219,0.61,0.2347,0.52,0.2455
model-1632425951,1632426064.865,0.51,0.2873,0.66,0.2344
model-1632425951,1632426065.508,0.59,0.2369,0.65,0.2343
model-1632425951,1632426066.152,0.57,0.2522,0.6,0.2378
model-1632425951,1632426066.796,0.59,0.2428,0.63,0.2327
model-1632425951,1632426067.44,0.53,0.2386,0.62,0.2323
model-1632425951,1632426068.083,0.64,0.2177,0.64,0.2331
model-1632425951,1632426068.723,0.56,0.2319,0.63,0.2353
model-1632425951,1632426069.367,0.56,0.2416,0.63,0.2327
model-1632425951,1632426070.011,0.59,0.2315,0.64,0.2324
model-1632425951,1632426070.653,0.63,0.2278,0.65,0.2337
model-1632425951,1632426071.297,0.58,0.2374,0.65,0.2328
model-1632425951,1632426071.936,0.65,0.227,0.65,0.2332
model-1632425951,1632426072.578,0.61,0.2304,0.66,0.2347
model-1632425951,1632426073.222,0.6,0.2576,0.64,0.2305
model-1632425951,1632426073.862,0.57,0.2389,0.62,0.2335
model-1632425951,1632426074.505,0.57,0.2435,0.66,0.2303
model-1632425951,1632426075.145,0.6,0.2313,0.67,0.2307
model-1632425951,1632426075.787,0.69,0.2168,0.62,0.2335
model-1632425951,1632426076.429,0.63,0.2327,0.6,0.235
model-1632425951,1632426077.069,0.56,0.2389,0.55,0.2403
model-1632425951,1632426077.711,0.55,0.2563,0.66,0.2312
model-1632425951,1632426078.356,0.59,0.2401,0.61,0.2329
model-1632425951,1632426079.0,0.58,0.2341,0.62,0.2364
model-1632425951,1632426079.644,0.57,0.2478,0.65,0.2296
model-1632425951,1632426080.286,0.59,0.2258,0.6,0.2366
model-1632425951,1632426080.932,0.57,0.2238,0.62,0.2354
model-1632425951,1632426081.574,0.58,0.2464,0.63,0.2306
model-1632425951,1632426082.216,0.67,0.2232,0.6,0.24
model-1632425951,1632426082.86,0.62,0.2423,0.56,0.2491
model-1632425951,1632426083.5,0.43,0.2853,0.63,0.233
model-1632425951,1632426084.145,0.67,0.231,0.57,0.2438
model-1632425951,1632426084.787,0.57,0.2473,0.52,0.2585
model-1632425951,1632426085.43,0.54,0.2687,0.54,0.2459
model-1632425951,1632426086.071,0.53,0.2495,0.62,0.2327
model-1632425951,1632426086.712,0.61,0.2329,0.63,0.2353
model-1632425951,1632426087.357,0.6,0.2369,0.53,0.2484
model-1632425951,1632426088.0,0.65,0.2179,0.51,0.262
model-1632425951,1632426088.641,0.5,0.2723,0.51,0.2589
model-1632425951,1632426089.284,0.58,0.234,0.5,0.2535
model-1632425951,1632426089.923,0.49,0.2647,0.54,0.2468
model-1632425951,1632426090.567,0.66,0.2313,0.6,0.241
model-1632425951,1632426091.208,0.67,0.2306,0.64,0.2373
model-1632425951,1632426091.851,0.57,0.2406,0.67,0.239
model-1632425951,1632426092.495,0.57,0.2431,0.51,0.2455
model-1632425951,1632426093.138,0.64,0.2359,0.54,0.2501
model-1632425951,1632426093.779,0.52,0.2476,0.53,0.2494
model-1632425951,1632426094.423,0.49,0.2514,0.54,0.2484
model-1632425951,1632426095.063,0.57,0.2375,0.52,0.2469
model-1632425951,1632426095.703,0.51,0.2523,0.6,0.2421
model-1632425951,1632426096.347,0.64,0.2344,0.67,0.2377
model-1632425951,1632426096.986,0.56,0.2481,0.6,0.238
model-1632425951,1632426097.629,0.6,0.2321,0.6,0.2411
model-1632425951,1632426098.269,0.62,0.2368,0.55,0.2428
model-1632425951,1632426098.912,0.55,0.2627,0.55,0.2415
model-1632425951,1632426099.555,0.54,0.2385,0.57,0.241
model-1632425951,1632426100.197,0.59,0.2409,0.63,0.2394
model-1632425951,1632426100.837,0.63,0.2302,0.66,0.2364
model-1632425951,1632426101.481,0.54,0.246,0.64,0.2349
model-1632425951,1632426102.125,0.52,0.2476,0.64,0.235
model-1632425951,1632426102.769,0.64,0.2411,0.65,0.2351
model-1632425951,1632426103.176,0.62,0.2306,0.61,0.2353
model-1632425951,1632426103.821,0.63,0.2347,0.62,0.2373
model-1632425951,1632426104.465,0.52,0.2512,0.62,0.2372
model-1632425951,1632426105.109,0.63,0.2405,0.59,0.2371
model-1632425951,1632426105.749,0.6,0.2456,0.65,0.2342
model-1632425951,1632426106.392,0.62,0.2342,0.68,0.2334
model-1632425951,1632426107.037,0.65,0.2255,0.58,0.237
model-1632425951,1632426107.681,0.58,0.2362,0.56,0.2407
model-1632425951,1632426108.325,0.56,0.2405,0.69,0.2339
model-1632425951,1632426108.968,0.53,0.2389,0.63,0.2322
model-1632425951,1632426109.613,0.59,0.2379,0.62,0.2371
model-1632425951,1632426110.257,0.62,0.2319,0.62,0.2389
model-1632425951,1632426110.9,0.58,0.2308,0.63,0.2347
model-1632425951,1632426111.54,0.61,0.2349,0.64,0.2324
model-1632425951,1632426112.184,0.63,0.2243,0.64,0.2348
model-1632425951,1632426112.827,0.64,0.2318,0.56,0.2443
model-1632425951,1632426113.472,0.53,0.2612,0.59,0.2406
model-1632425951,1632426114.116,0.62,0.2186,0.59,0.2379
model-1632425951,1632426114.76,0.54,0.2583,0.67,0.2326
model-1632425951,1632426115.405,0.55,0.2416,0.63,0.2341
model-1632425951,1632426116.049,0.65,0.2248,0.61,0.2373
model-1632425951,1632426116.689,0.57,0.259,0.58,0.2401
model-1632425951,1632426117.333,0.61,0.2398,0.57,0.2399
model-1632425951,1632426117.978,0.64,0.2274,0.59,0.2396
model-1632425951,1632426118.62,0.62,0.2326,0.61,0.2382
model-1632425951,1632426119.261,0.59,0.232,0.62,0.2372
model-1632425951,1632426119.903,0.58,0.2474,0.62,0.2393
model-1632425951,1632426120.548,0.56,0.2338,0.63,0.2399
model-1632425951,1632426121.193,0.66,0.2166,0.62,0.239
model-1632425951,1632426121.835,0.61,0.2284,0.62,0.2376
model-1632425951,1632426122.48,0.58,0.2313,0.62,0.2377
model-1632425951,1632426123.123,0.67,0.2255,0.6,0.2369
model-1632425951,1632426123.767,0.62,0.241,0.6,0.237
model-1632425951,1632426124.411,0.53,0.2464,0.61,0.2347
model-1632425951,1632426125.057,0.72,0.2049,0.61,0.2342
model-1632425951,1632426125.699,0.63,0.2231,0.59,0.2328
model-1632425951,1632426126.344,0.58,0.2533,0.63,0.2327
model-1632425951,1632426126.985,0.64,0.2353,0.63,0.2314
model-1632425951,1632426127.627,0.66,0.2122,0.62,0.2292
model-1632425951,1632426128.268,0.6,0.227,0.65,0.2278
model-1632425951,1632426128.912,0.58,0.2387,0.62,0.2294
model-1632425951,1632426129.557,0.63,0.2281,0.63,0.2285
model-1632425951,1632426130.202,0.54,0.237,0.65,0.2258
model-1632425951,1632426130.843,0.55,0.2429,0.61,0.2344
model-1632425951,1632426131.487,0.47,0.2734,0.61,0.2374
model-1632425951,1632426132.131,0.67,0.2102,0.62,0.2363
model-1632425951,1632426132.774,0.58,0.2406,0.64,0.2267
model-1632425951,1632426133.421,0.6,0.2364,0.64,0.2278
model-1632425951,1632426134.065,0.68,0.2145,0.6,0.2312
model-1632425951,1632426134.709,0.63,0.2199,0.63,0.2299
model-1632425951,1632426135.354,0.58,0.2285,0.64,0.2271
model-1632425951,1632426135.997,0.6,0.2391,0.62,0.2332
model-1632425951,1632426136.642,0.67,0.2257,0.62,0.234
model-1632425951,1632426137.286,0.56,0.2406,0.6,0.2347
model-1632425951,1632426137.929,0.65,0.229,0.6,0.2321
model-1632425951,1632426138.573,0.61,0.2359,0.6,0.2283
model-1632425951,1632426139.213,0.71,0.2059,0.62,0.2276
model-1632425951,1632426139.856,0.53,0.2474,0.65,0.2277
model-1632425951,1632426140.501,0.59,0.2344,0.66,0.2277
model-1632425951,1632426141.144,0.62,0.2286,0.67,0.2276
model-1632425951,1632426141.789,0.59,0.2162,0.61,0.2282
model-1632425951,1632426142.433,0.67,0.2139,0.61,0.2297
model-1632425951,1632426143.077,0.56,0.231,0.6,0.2313
model-1632425951,1632426143.735,0.65,0.2219,0.6,0.2316
model-1632425951,1632426144.379,0.47,0.2553,0.64,0.2265
model-1632425951,1632426145.022,0.65,0.2189,0.64,0.2263
model-1632425951,1632426145.667,0.66,0.2149,0.65,0.2259
model-1632425951,1632426146.312,0.63,0.2352,0.62,0.226
model-1632425951,1632426146.954,0.7,0.2101,0.64,0.2253
model-1632425951,1632426147.599,0.59,0.2274,0.65,0.2266
model-1632425951,1632426148.242,0.62,0.2289,0.64,0.2291
model-1632425951,1632426148.887,0.57,0.24,0.64,0.2289
model-1632425951,1632426149.532,0.7,0.2151,0.64,0.227
model-1632425951,1632426150.177,0.61,0.231,0.66,0.2258
model-1632425951,1632426150.819,0.61,0.236,0.62,0.2267
model-1632425951,1632426151.464,0.58,0.229,0.63,0.2265
model-1632425951,1632426152.108,0.63,0.2311,0.61,0.2281
model-1632425951,1632426152.75,0.6,0.243,0.62,0.228
model-1632425951,1632426153.394,0.59,0.2381,0.62,0.227
model-1632425951,1632426154.038,0.62,0.2346,0.65,0.2248
model-1632425951,1632426154.679,0.55,0.2518,0.66,0.2242
model-1632425951,1632426155.32,0.57,0.2383,0.67,0.2243
model-1632425951,1632426155.962,0.6,0.226,0.63,0.2246
model-1632425951,1632426156.607,0.64,0.2329,0.63,0.2265
model-1632425951,1632426157.249,0.8,0.2004,0.63,0.2258
model-1632425951,1632426157.893,0.74,0.2077,0.63,0.2239
model-1632425951,1632426158.535,0.66,0.2227,0.64,0.2231
model-1632425951,1632426159.177,0.69,0.2194,0.64,0.2225
model-1632425951,1632426159.821,0.71,0.2194,0.64,0.2218
model-1632425951,1632426160.466,0.62,0.2269,0.65,0.2211
model-1632425951,1632426161.109,0.59,0.2275,0.66,0.2206
model-1632425951,1632426161.754,0.63,0.2197,0.65,0.2223
model-1632425951,1632426162.396,0.71,0.2093,0.65,0.22
model-1632425951,1632426163.04,0.58,0.2266,0.66,0.2199
model-1632425951,1632426163.683,0.68,0.2116,0.63,0.2221
model-1632425951,1632426164.325,0.59,0.2315,0.67,0.2211
model-1632425951,1632426164.97,0.62,0.2465,0.61,0.2288
model-1632425951,1632426165.615,0.68,0.2279,0.61,0.2392
model-1632425951,1632426166.259,0.56,0.2468,0.64,0.2233
model-1632425951,1632426166.904,0.65,0.2308,0.64,0.2222
model-1632425951,1632426167.548,0.64,0.2201,0.6,0.2356
model-1632425951,1632426168.193,0.71,0.2094,0.61,0.2335
model-1632425951,1632426168.839,0.65,0.2237,0.64,0.2235
model-1632425951,1632426169.48,0.67,0.2179,0.63,0.2249
model-1632425951,1632426170.126,0.58,0.229,0.64,0.2282
model-1632425951,1632426170.769,0.66,0.2128,0.62,0.2325
model-1632425951,1632426171.413,0.59,0.2368,0.64,0.231
model-1632425951,1632426172.055,0.48,0.2646,0.65,0.2195
model-1632425951,1632426172.7,0.67,0.2149,0.62,0.2316
model-1632425951,1632426173.344,0.55,0.262,0.65,0.226
model-1632425951,1632426173.989,0.56,0.2527,0.64,0.2199
model-1632425951,1632426174.633,0.65,0.2175,0.6,0.2232
model-1632425951,1632426175.277,0.66,0.2133,0.59,0.2315
model-1632425951,1632426175.919,0.57,0.2334,0.59,0.234
model-1632425951,1632426176.563,0.62,0.226,0.6,0.2298
model-1632425951,1632426177.206,0.65,0.2173,0.62,0.2216
model-1632425951,1632426177.851,0.58,0.2392,0.65,0.2222
model-1632425951,1632426178.495,0.67,0.2111,0.68,0.2252
model-1632425951,1632426179.14,0.66,0.2129,0.68,0.2249
model-1632425951,1632426179.784,0.58,0.229,0.66,0.2229
model-1632425951,1632426180.428,0.64,0.2125,0.66,0.2206
model-1632425951,1632426181.072,0.5,0.2537,0.64,0.2195
model-1632425951,1632426181.717,0.6,0.2273,0.61,0.2209
model-1632425951,1632426182.361,0.66,0.2195,0.63,0.2207
model-1632425951,1632426183.006,0.66,0.2109,0.65,0.2191
model-1632425951,1632426183.65,0.6,0.2279,0.66,0.2195
model-1632425951,1632426184.295,0.58,0.2361,0.64,0.2227
model-1632425951,1632426184.938,0.64,0.2102,0.64,0.2218
model-1632425951,1632426185.586,0.67,0.2227,0.66,0.2205
model-1632425951,1632426186.231,0.71,0.2133,0.66,0.2236
model-1632425951,1632426186.876,0.64,0.2145,0.66,0.2238
model-1632425951,1632426187.521,0.59,0.2453,0.66,0.221
model-1632425951,1632426188.166,0.59,0.2369,0.6,0.2289
model-1632425951,1632426188.81,0.68,0.2134,0.56,0.2492
model-1632425951,1632426189.455,0.53,0.2779,0.62,0.2348
model-1632425951,1632426190.1,0.65,0.2243,0.66,0.221
model-1632425951,1632426190.744,0.6,0.2298,0.63,0.2225
model-1632425951,1632426191.388,0.68,0.2031,0.57,0.2465
model-1632425951,1632426192.034,0.59,0.241,0.57,0.2488
model-1632425951,1632426192.678,0.55,0.258,0.63,0.2312
model-1632425951,1632426193.322,0.57,0.242,0.64,0.2234
model-1632425951,1632426193.965,0.72,0.2145,0.67,0.2306
model-1632425951,1632426194.609,0.62,0.2287,0.56,0.2406
model-1632425951,1632426195.252,0.53,0.2731,0.56,0.2397
model-1632425951,1632426195.896,0.51,0.2586,0.65,0.2296
model-1632425951,1632426196.54,0.66,0.2246,0.68,0.2257
model-1632425951,1632426197.185,0.54,0.2468,0.63,0.227
model-1632425951,1632426197.829,0.63,0.2179,0.59,0.2334
model-1632425951,1632426198.474,0.68,0.2119,0.56,0.2401
model-1632425951,1632426199.119,0.57,0.243,0.56,0.2416
model-1632425951,1632426199.763,0.51,0.2585,0.56,0.2398
model-1632425951,1632426200.407,0.68,0.2118,0.59,0.238
model-1632425951,1632426201.05,0.58,0.2455,0.6,0.2345
model-1632425951,1632426201.694,0.62,0.2275,0.62,0.2321
model-1632425951,1632426202.336,0.56,0.2534,0.64,0.2297
model-1632425951,1632426202.978,0.64,0.2301,0.64,0.2281
model-1632425951,1632426203.622,0.62,0.2285,0.63,0.2279
model-1632425951,1632426204.266,0.58,0.2362,0.67,0.2283
model-1632425951,1632426204.906,0.61,0.2356,0.67,0.2279
model-1632425951,1632426205.551,0.63,0.2297,0.68,0.2271
model-1632425951,1632426206.193,0.72,0.2153,0.67,0.2256
model-1632425951,1632426206.837,0.58,0.2367,0.65,0.2242
model-1632425951,1632426207.479,0.68,0.2125,0.64,0.2235
model-1632425951,1632426208.123,0.69,0.2209,0.62,0.2243
model-1632425951,1632426208.768,0.59,0.2349,0.63,0.2271
model-1632425951,1632426209.411,0.52,0.2677,0.64,0.2266
model-1632425951,1632426210.054,0.58,0.2346,0.61,0.2257
model-1632425951,1632426210.699,0.58,0.241,0.64,0.2236
model-1632425951,1632426211.341,0.65,0.2212,0.64,0.2212
model-1632425951,1632426211.984,0.55,0.2365,0.68,0.2217
model-1632425951,1632426212.628,0.64,0.2119,0.67,0.2258
model-1632425951,1632426213.272,0.67,0.2213,0.63,0.2305
model-1632425951,1632426213.915,0.54,0.2408,0.66,0.2261
model-1632425951,1632426214.557,0.64,0.2226,0.67,0.2219
model-1632425951,1632426215.201,0.63,0.2195,0.63,0.2203
model-1632425951,1632426215.845,0.61,0.2213,0.62,0.2221
model-1632425951,1632426216.489,0.68,0.2196,0.64,0.2229
model-1632425951,1632426217.132,0.6,0.2233,0.63,0.2214
model-1632425951,1632426217.777,0.55,0.2471,0.62,0.2197
model-1632425951,1632426218.422,0.66,0.2285,0.66,0.2186
model-1632425951,1632426219.066,0.64,0.2175,0.63,0.2224
model-1632425951,1632426219.71,0.59,0.2344,0.66,0.2261
model-1632425951,1632426220.354,0.71,0.2028,0.64,0.225
model-1632425951,1632426220.998,0.68,0.2101,0.65,0.2225
model-1632425951,1632426221.642,0.66,0.2261,0.64,0.2216
model-1632425951,1632426222.286,0.63,0.2358,0.61,0.2188
model-1632425951,1632426222.93,0.64,0.2184,0.62,0.2196
model-1632425951,1632426223.574,0.63,0.2113,0.66,0.2214
model-1632425951,1632426224.219,0.64,0.2306,0.6,0.221
model-1632425951,1632426224.864,0.63,0.2097,0.64,0.2239
model-1632425951,1632426225.507,0.74,0.1995,0.62,0.2238
model-1632425951,1632426226.153,0.61,0.2423,0.63,0.221
model-1632425951,1632426226.798,0.66,0.2055,0.63,0.2287
model-1632425951,1632426227.442,0.63,0.239,0.62,0.2374
model-1632425951,1632426228.085,0.51,0.2753,0.64,0.2184
model-1632425951,1632426228.73,0.71,0.2112,0.63,0.2336
model-1632425951,1632426229.372,0.61,0.2348,0.57,0.2439
model-1632425951,1632426230.016,0.58,0.2579,0.61,0.2327
model-1632425951,1632426230.659,0.57,0.2271,0.63,0.2205
model-1632425951,1632426231.302,0.66,0.2111,0.62,0.2229
model-1632425951,1632426231.945,0.65,0.2105,0.6,0.2359
model-1632425951,1632426232.59,0.66,0.2085,0.57,0.251
model-1632425951,1632426233.232,0.57,0.2828,0.59,0.2408
model-1632425951,1632426233.875,0.68,0.2132,0.6,0.2323
model-1632425951,1632426234.519,0.54,0.2501,0.63,0.2262
model-1632425951,1632426235.161,0.65,0.2143,0.65,0.2242
model-1632425951,1632426235.805,0.64,0.2152,0.65,0.2238
model-1632425951,1632426236.449,0.65,0.2266,0.62,0.2265
model-1632425951,1632426237.093,0.64,0.2305,0.62,0.23
model-1632425951,1632426237.738,0.75,0.2061,0.6,0.2306
model-1632425951,1632426238.381,0.69,0.2216,0.6,0.228
model-1632425951,1632426239.024,0.62,0.2261,0.64,0.2247
model-1632425951,1632426239.669,0.66,0.221,0.66,0.2223
model-1632425951,1632426240.312,0.64,0.2301,0.68,0.2202
model-1632425951,1632426240.956,0.65,0.2129,0.63,0.2201
model-1632425951,1632426241.6,0.61,0.2323,0.65,0.2213
model-1632425951,1632426242.242,0.68,0.2139,0.65,0.2213
model-1632425951,1632426242.887,0.65,0.2295,0.66,0.2194
model-1632425951,1632426243.531,0.55,0.2563,0.65,0.2169
model-1632425951,1632426244.175,0.66,0.214,0.68,0.216
model-1632425951,1632426244.819,0.65,0.218,0.68,0.2163
model-1632425951,1632426245.465,0.72,0.1912,0.64,0.2195
model-1632425951,1632426246.11,0.58,0.2445,0.63,0.2172
model-1632425951,1632426246.754,0.56,0.2334,0.7,0.2137
model-1632425951,1632426247.399,0.67,0.2221,0.66,0.2144
model-1632425951,1632426247.809,0.63,0.2267,0.66,0.2241
model-1632425951,1632426248.454,0.61,0.232,0.61,0.2329
model-1632425951,1632426249.099,0.56,0.2563,0.63,0.2249
model-1632425951,1632426249.744,0.62,0.2341,0.66,0.2173
model-1632425951,1632426250.388,0.6,0.2255,0.64,0.2216
model-1632425951,1632426251.033,0.54,0.2297,0.63,0.2308
model-1632425951,1632426251.678,0.71,0.1962,0.57,0.2364
model-1632425951,1632426252.322,0.6,0.2264,0.62,0.2327
model-1632425951,1632426252.966,0.6,0.229,0.66,0.2213
model-1632425951,1632426253.61,0.6,0.2259,0.65,0.2195
model-1632425951,1632426254.255,0.63,0.2336,0.63,0.2248
model-1632425951,1632426254.9,0.7,0.2135,0.61,0.2271
model-1632425951,1632426255.544,0.59,0.2146,0.62,0.2234
model-1632425951,1632426256.189,0.6,0.2183,0.65,0.2203
model-1632425951,1632426256.833,0.68,0.1997,0.68,0.2219
model-1632425951,1632426257.475,0.66,0.2218,0.6,0.2296
model-1632425951,1632426258.119,0.55,0.2397,0.57,0.2354
model-1632425951,1632426258.765,0.68,0.2169,0.56,0.2385
model-1632425951,1632426259.409,0.56,0.2471,0.59,0.2305
model-1632425951,1632426260.054,0.63,0.2279,0.62,0.225
model-1632425951,1632426260.699,0.66,0.2112,0.64,0.2208
model-1632425951,1632426261.344,0.58,0.2458,0.64,0.2224
model-1632425951,1632426261.988,0.63,0.2228,0.63,0.2263
model-1632425951,1632426262.632,0.62,0.2248,0.62,0.2307
model-1632425951,1632426263.277,0.61,0.2196,0.61,0.2321
model-1632425951,1632426263.921,0.58,0.2442,0.66,0.2281
model-1632425951,1632426264.566,0.63,0.2299,0.63,0.2273
model-1632425951,1632426265.21,0.63,0.2157,0.57,0.2281
model-1632425951,1632426265.854,0.66,0.2156,0.56,0.23
model-1632425951,1632426266.499,0.64,0.2237,0.59,0.2318
model-1632425951,1632426267.143,0.62,0.2161,0.6,0.2354
model-1632425951,1632426267.787,0.67,0.2254,0.58,0.2302
model-1632425951,1632426268.432,0.62,0.24,0.61,0.2243
model-1632425951,1632426269.077,0.63,0.2263,0.63,0.2225
model-1632425951,1632426269.721,0.68,0.1927,0.65,0.222
model-1632425951,1632426270.366,0.59,0.2299,0.66,0.22
model-1632425951,1632426271.01,0.51,0.2501,0.67,0.216
model-1632425951,1632426271.655,0.66,0.2297,0.66,0.2124
model-1632425951,1632426272.299,0.69,0.21,0.64,0.2114
model-1632425951,1632426272.944,0.64,0.2147,0.67,0.2127
model-1632425951,1632426273.588,0.68,0.2054,0.65,0.2218
model-1632425951,1632426274.233,0.61,0.2274,0.64,0.2222
model-1632425951,1632426274.877,0.55,0.2413,0.68,0.2147
model-1632425951,1632426275.52,0.6,0.2342,0.66,0.2104
model-1632425951,1632426276.165,0.54,0.2562,0.68,0.2147
model-1632425951,1632426276.809,0.72,0.1897,0.6,0.2235
model-1632425951,1632426277.452,0.6,0.2387,0.6,0.2205
model-1632425951,1632426278.097,0.62,0.2209,0.66,0.2152
model-1632425951,1632426278.741,0.72,0.2039,0.64,0.2134
model-1632425951,1632426279.386,0.64,0.211,0.69,0.2158
model-1632425951,1632426280.029,0.71,0.1984,0.69,0.2157
model-1632425951,1632426280.673,0.73,0.2082,0.69,0.215
model-1632425951,1632426281.318,0.66,0.2064,0.69,0.2132
model-1632425951,1632426281.961,0.64,0.2323,0.66,0.2117
model-1632425951,1632426282.604,0.68,0.2024,0.65,0.2151
model-1632425951,1632426283.249,0.66,0.2162,0.61,0.219
model-1632425951,1632426283.894,0.73,0.1839,0.6,0.2198
model-1632425951,1632426284.537,0.58,0.2446,0.68,0.213
model-1632425951,1632426285.181,0.67,0.199,0.67,0.2105
model-1632425951,1632426285.826,0.64,0.2129,0.69,0.2129
model-1632425951,1632426286.469,0.66,0.2128,0.7,0.214
model-1632425951,1632426287.114,0.74,0.1917,0.68,0.2111
model-1632425951,1632426287.758,0.67,0.2194,0.67,0.2089
model-1632425951,1632426288.403,0.66,0.201,0.63,0.2133
model-1632425951,1632426289.046,0.55,0.2666,0.67,0.2114
model-1632425951,1632426289.691,0.7,0.1984,0.71,0.2098
model-1632425951,1632426290.336,0.69,0.1931,0.72,0.2077
model-1632425951,1632426290.979,0.72,0.2082,0.7,0.206
model-1632425951,1632426291.624,0.82,0.1706,0.66,0.2082
model-1632425951,1632426292.277,0.63,0.2064,0.66,0.2131
model-1632425951,1632426292.924,0.67,0.209,0.65,0.214
model-1632425951,1632426293.574,0.57,0.2344,0.66,0.2093
model-1632425951,1632426294.222,0.7,0.1928,0.65,0.2043
model-1632425951,1632426294.873,0.63,0.2119,0.74,0.2029
model-1632425951,1632426295.521,0.6,0.2323,0.72,0.2036
model-1632425951,1632426296.171,0.66,0.2049,0.69,0.2037
model-1632425951,1632426296.823,0.63,0.2028,0.72,0.2028
model-1632425951,1632426297.47,0.6,0.2227,0.71,0.2016
model-1632425951,1632426298.121,0.63,0.2218,0.71,0.2021
model-1632425951,1632426298.772,0.63,0.2215,0.68,0.2028
model-1632425951,1632426299.422,0.62,0.2308,0.67,0.2036
model-1632425951,1632426300.069,0.6,0.2344,0.67,0.2057
model-1632425951,1632426300.717,0.64,0.2239,0.67,0.2057
model-1632425951,1632426301.366,0.6,0.2357,0.68,0.2074
model-1632425951,1632426302.014,0.75,0.1786,0.68,0.2061
model-1632425951,1632426302.662,0.71,0.1822,0.67,0.2052
model-1632425951,1632426303.308,0.69,0.2049,0.67,0.2065
model-1632425951,1632426303.957,0.73,0.2016,0.69,0.2057
model-1632425951,1632426304.602,0.69,0.1965,0.67,0.2018
model-1632425951,1632426305.25,0.7,0.2059,0.69,0.2008
model-1632425951,1632426305.898,0.66,0.2097,0.7,0.2006
model-1632425951,1632426306.546,0.66,0.2136,0.72,0.2013
model-1632425951,1632426307.195,0.74,0.1868,0.69,0.1995
model-1632425951,1632426307.841,0.65,0.2042,0.67,0.199
model-1632425951,1632426308.494,0.73,0.1906,0.66,0.2007
model-1632425951,1632426309.138,0.7,0.1898,0.68,0.1996
model-1632425951,1632426309.787,0.58,0.2463,0.69,0.201
model-1632425951,1632426310.436,0.69,0.2135,0.67,0.2053
model-1632425951,1632426311.083,0.67,0.2197,0.73,0.1991
model-1632425951,1632426311.733,0.69,0.2109,0.76,0.1995
model-1632425951,1632426312.379,0.65,0.1987,0.69,0.2024
model-1632425951,1632426313.03,0.78,0.174,0.65,0.2046
model-1632425951,1632426313.677,0.69,0.1987,0.73,0.1997
model-1632425951,1632426314.327,0.61,0.2206,0.74,0.196
model-1632425951,1632426314.975,0.7,0.2188,0.7,0.1956
model-1632425951,1632426315.622,0.72,0.1975,0.68,0.2002
model-1632425951,1632426316.273,0.66,0.2118,0.69,0.2014
model-1632425951,1632426316.918,0.61,0.2345,0.72,0.1975
model-1632425951,1632426317.578,0.72,0.1842,0.62,0.209
model-1632425951,1632426318.226,0.62,0.2435,0.71,0.1991
model-1632425951,1632426318.873,0.62,0.2246,0.72,0.1958
model-1632425951,1632426319.519,0.67,0.2038,0.69,0.2009
model-1632425951,1632426320.17,0.72,0.1947,0.68,0.2058
model-1632425951,1632426320.815,0.62,0.225,0.67,0.2034
model-1632425951,1632426321.463,0.72,0.1934,0.68,0.1993
model-1632425951,1632426322.111,0.69,0.1925,0.71,0.1978
model-1632425951,1632426322.758,0.64,0.2184,0.69,0.2019
model-1632425951,1632426323.408,0.72,0.1874,0.68,0.2025
model-1632425951,1632426324.054,0.7,0.1854,0.68,0.1994
model-1632425951,1632426324.702,0.67,0.2092,0.72,0.1988
model-1632425951,1632426325.352,0.63,0.2117,0.7,0.1972
model-1632425951,1632426325.998,0.6,0.2271,0.71,0.1977
model-1632425951,1632426326.648,0.69,0.2103,0.71,0.1995
model-1632425951,1632426327.294,0.75,0.1899,0.68,0.1997
model-1632425951,1632426327.941,0.69,0.1937,0.67,0.1991
model-1632425951,1632426328.589,0.63,0.2126,0.67,0.2011
model-1632425951,1632426329.238,0.65,0.2144,0.68,0.2069
model-1632425951,1632426329.885,0.73,0.19,0.69,0.2056
model-1632425951,1632426330.532,0.62,0.2372,0.7,0.2059
model-1632425951,1632426331.181,0.71,0.1986,0.69,0.2057
model-1632425951,1632426331.832,0.66,0.2086,0.72,0.2042
model-1632425951,1632426332.48,0.67,0.2238,0.67,0.2054
model-1632425951,1632426333.128,0.7,0.2107,0.64,0.2079
model-1632425951,1632426333.775,0.73,0.2039,0.63,0.2179
model-1632425951,1632426334.424,0.6,0.2272,0.65,0.209
model-1632425951,1632426335.072,0.71,0.1923,0.68,0.204
model-1632425951,1632426335.72,0.67,0.2204,0.69,0.2061
model-1632425951,1632426336.367,0.66,0.2,0.64,0.2209
model-1632425951,1632426337.015,0.69,0.2063,0.65,0.2168
model-1632425951,1632426337.664,0.62,0.2118,0.69,0.2089
model-1632425951,1632426338.309,0.68,0.2153,0.68,0.2162
model-1632425951,1632426338.957,0.71,0.2003,0.61,0.2251
model-1632425951,1632426339.604,0.69,0.2153,0.61,0.2226
model-1632425951,1632426340.25,0.59,0.2384,0.65,0.209
model-1632425951,1632426340.899,0.68,0.2084,0.71,0.2088
model-1632425951,1632426341.545,0.72,0.1945,0.65,0.2202
model-1632425951,1632426342.193,0.7,0.2178,0.65,0.2251
model-1632425951,1632426342.839,0.66,0.1972,0.64,0.2183
model-1632425951,1632426343.488,0.72,0.1904,0.67,0.2077
model-1632425951,1632426344.137,0.7,0.2054,0.73,0.206
model-1632425951,1632426344.782,0.62,0.2183,0.62,0.2103
model-1632425951,1632426345.429,0.64,0.2167,0.63,0.2067
model-1632425951,1632426346.077,0.6,0.2206,0.65,0.2008
model-1632425951,1632426346.722,0.7,0.2097,0.73,0.1949
model-1632425951,1632426347.37,0.65,0.2229,0.73,0.1968
model-1632425951,1632426348.017,0.67,0.2097,0.72,0.1988
model-1632425951,1632426348.663,0.74,0.1851,0.72,0.198
model-1632425951,1632426349.313,0.67,0.2202,0.74,0.192
model-1632425951,1632426349.958,0.7,0.1963,0.73,0.1912
model-1632425951,1632426350.606,0.76,0.1818,0.72,0.192
model-1632425951,1632426351.253,0.68,0.2055,0.72,0.1904
model-1632425951,1632426351.899,0.63,0.237,0.74,0.189
model-1632425951,1632426352.546,0.72,0.1854,0.75,0.1866
model-1632425951,1632426353.192,0.71,0.1925,0.7,0.1913
model-1632425951,1632426353.839,0.66,0.2006,0.7,0.2007
model-1632425951,1632426354.486,0.59,0.2636,0.72,0.1895
model-1632425951,1632426355.133,0.66,0.2254,0.71,0.1879
model-1632425951,1632426355.783,0.64,0.2176,0.66,0.1949
model-1632425951,1632426356.431,0.68,0.1909,0.66,0.1966
model-1632425951,1632426357.079,0.66,0.223,0.7,0.197
model-1632425951,1632426357.726,0.72,0.1987,0.69,0.1969
model-1632425951,1632426358.372,0.75,0.1831,0.71,0.1968
model-1632425951,1632426359.019,0.71,0.1935,0.68,0.1987
model-1632425951,1632426359.665,0.67,0.214,0.68,0.2003
model-1632425951,1632426360.312,0.8,0.1636,0.68,0.1992
model-1632425951,1632426360.958,0.75,0.1833,0.71,0.1984
model-1632425951,1632426361.607,0.75,0.1951,0.69,0.1998
model-1632425951,1632426362.252,0.69,0.195,0.69,0.2003
model-1632425951,1632426362.901,0.67,0.2073,0.7,0.1983
model-1632425951,1632426363.546,0.7,0.2042,0.74,0.1971
model-1632425951,1632426364.194,0.65,0.1968,0.71,0.1961
model-1632425951,1632426364.839,0.66,0.1966,0.71,0.1941
model-1632425951,1632426365.495,0.77,0.1527,0.68,0.193
model-1632425951,1632426366.141,0.71,0.18,0.7,0.196
model-1632425951,1632426366.789,0.71,0.1906,0.69,0.2054
model-1632425951,1632426367.433,0.64,0.2227,0.68,0.1914
model-1632425951,1632426368.081,0.75,0.1756,0.72,0.1948
model-1632425951,1632426368.726,0.66,0.1962,0.72,0.1961
model-1632425951,1632426369.374,0.69,0.2194,0.66,0.1908
model-1632425951,1632426370.019,0.77,0.1669,0.67,0.1911
model-1632425951,1632426370.666,0.78,0.1706,0.67,0.1849
model-1632425951,1632426371.31,0.68,0.199,0.7,0.1866
model-1632425951,1632426371.956,0.78,0.1657,0.69,0.205
model-1632425951,1632426372.601,0.64,0.2335,0.71,0.2001
model-1632425951,1632426373.249,0.55,0.253,0.72,0.1971
model-1632425951,1632426373.9,0.76,0.1807,0.6,0.2398
model-1632425951,1632426374.549,0.6,0.2615,0.64,0.2186
model-1632425951,1632426375.196,0.58,0.2599,0.73,0.2021
model-1632425951,1632426375.844,0.67,0.2071,0.72,0.2089
model-1632425951,1632426376.489,0.7,0.2022,0.7,0.2153
model-1632425951,1632426377.139,0.7,0.209,0.66,0.2182
model-1632425951,1632426377.784,0.74,0.1858,0.63,0.2236
model-1632425951,1632426378.432,0.57,0.2599,0.66,0.2164
model-1632425951,1632426379.078,0.7,0.2023,0.67,0.2077
model-1632425951,1632426379.724,0.66,0.23,0.69,0.2035
model-1632425951,1632426380.37,0.77,0.1832,0.71,0.2057
model-1632425951,1632426381.017,0.68,0.2061,0.66,0.2059
model-1632425951,1632426381.663,0.63,0.2074,0.67,0.2048
model-1632425951,1632426382.309,0.69,0.2107,0.68,0.2037
model-1632425951,1632426382.956,0.76,0.1885,0.7,0.2
model-1632425951,1632426383.601,0.68,0.1967,0.75,0.1962
model-1632425951,1632426384.248,0.7,0.198,0.69,0.192
model-1632425951,1632426384.894,0.78,0.1781,0.67,0.1928
model-1632425951,1632426385.542,0.66,0.2031,0.66,0.1944
model-1632425951,1632426386.186,0.7,0.1974,0.67,0.1926
model-1632425951,1632426386.835,0.73,0.1924,0.7,0.1902
model-1632425951,1632426387.49,0.73,0.1832,0.72,0.1904
model-1632425951,1632426388.138,0.69,0.212,0.72,0.191
model-1632425951,1632426388.783,0.59,0.228,0.73,0.1913
model-1632425951,1632426389.43,0.73,0.1798,0.71,0.1889
model-1632425951,1632426390.075,0.75,0.1727,0.7,0.1892
model-1632425951,1632426390.722,0.67,0.177,0.69,0.1883
model-1632425951,1632426391.372,0.78,0.1617,0.67,0.1888
model-1632425951,1632426392.018,0.71,0.2033,0.66,0.1897
model-1632425951,1632426392.667,0.64,0.2092,0.67,0.1879
model-1632425951,1632426393.074,0.73,0.1925,0.67,0.1919
model-1632425951,1632426393.722,0.7,0.2042,0.69,0.1942
model-1632425951,1632426394.37,0.65,0.1935,0.71,0.1874
model-1632425951,1632426395.017,0.72,0.1782,0.69,0.1913
model-1632425951,1632426395.666,0.73,0.1716,0.7,0.205
model-1632425951,1632426396.314,0.67,0.2128,0.7,0.1988
model-1632425951,1632426396.962,0.76,0.1586,0.67,0.1917
model-1632425951,1632426397.609,0.74,0.1907,0.72,0.1935
model-1632425951,1632426398.256,0.73,0.2064,0.7,0.2024
model-1632425951,1632426398.902,0.7,0.2046,0.67,0.2014
model-1632425951,1632426399.556,0.61,0.2392,0.72,0.1897
model-1632425951,1632426400.201,0.77,0.1607,0.72,0.1901
model-1632425951,1632426400.85,0.74,0.1718,0.64,0.1989
model-1632425951,1632426401.495,0.71,0.1863,0.64,0.2026
model-1632425951,1632426402.14,0.72,0.1886,0.69,0.1912
model-1632425951,1632426402.789,0.7,0.1959,0.73,0.1808
model-1632425951,1632426403.435,0.65,0.2193,0.71,0.1763
model-1632425951,1632426404.081,0.66,0.2018,0.7,0.1782
model-1632425951,1632426404.73,0.77,0.1692,0.7,0.1834
model-1632425951,1632426405.376,0.66,0.2179,0.67,0.1811
model-1632425951,1632426406.022,0.76,0.1718,0.74,0.1765
model-1632425951,1632426406.671,0.66,0.2238,0.73,0.1783
model-1632425951,1632426407.316,0.73,0.1834,0.71,0.1869
model-1632425951,1632426407.963,0.62,0.2198,0.7,0.186
model-1632425951,1632426408.611,0.69,0.1867,0.72,0.1856
model-1632425951,1632426409.256,0.71,0.1953,0.73,0.1859
model-1632425951,1632426409.904,0.7,0.1852,0.75,0.1835
model-1632425951,1632426410.552,0.78,0.1658,0.77,0.18
model-1632425951,1632426411.198,0.71,0.1944,0.74,0.1751
model-1632425951,1632426411.846,0.72,0.1857,0.74,0.1738
model-1632425951,1632426412.492,0.72,0.1963,0.75,0.1811
model-1632425951,1632426413.137,0.68,0.1987,0.74,0.1773
model-1632425951,1632426413.785,0.71,0.2003,0.74,0.1743
model-1632425951,1632426414.431,0.72,0.2076,0.77,0.1755
model-1632425951,1632426415.076,0.76,0.1671,0.76,0.1777
model-1632425951,1632426415.724,0.71,0.2008,0.78,0.175
model-1632425951,1632426416.37,0.56,0.2331,0.79,0.1703
model-1632425951,1632426417.015,0.74,0.2006,0.79,0.1692
model-1632425951,1632426417.663,0.72,0.1789,0.78,0.1704
model-1632425951,1632426418.308,0.73,0.1818,0.76,0.1717
model-1632425951,1632426418.954,0.75,0.1947,0.76,0.176
model-1632425951,1632426419.604,0.67,0.2049,0.76,0.1753
model-1632425951,1632426420.248,0.64,0.2092,0.79,0.1741
model-1632425951,1632426420.895,0.7,0.1982,0.71,0.1775
model-1632425951,1632426421.542,0.56,0.23,0.71,0.1817
model-1632425951,1632426422.186,0.77,0.1578,0.71,0.1856
model-1632425951,1632426422.83,0.64,0.2198,0.72,0.1815
model-1632425951,1632426423.473,0.71,0.1902,0.73,0.1802
model-1632425951,1632426424.117,0.8,0.1719,0.72,0.1822
model-1632425951,1632426424.76,0.71,0.1858,0.72,0.1827
model-1632425951,1632426425.406,0.73,0.17,0.73,0.1807
model-1632425951,1632426426.05,0.7,0.1787,0.7,0.1834
model-1632425951,1632426426.693,0.74,0.1808,0.68,0.1903
model-1632425951,1632426427.337,0.69,0.197,0.7,0.1965
model-1632425951,1632426427.981,0.75,0.1646,0.7,0.1984
model-1632425951,1632426428.627,0.69,0.1924,0.7,0.1902
model-1632425951,1632426429.27,0.73,0.1696,0.72,0.1858
model-1632425951,1632426429.913,0.71,0.2005,0.69,0.1881
model-1632425951,1632426430.557,0.79,0.171,0.7,0.1889
model-1632425951,1632426431.201,0.73,0.1782,0.7,0.1889
model-1632425951,1632426431.845,0.69,0.1873,0.72,0.1855
model-1632425951,1632426432.489,0.74,0.1674,0.72,0.1943
model-1632425951,1632426433.133,0.8,0.1669,0.67,0.2094
model-1632425951,1632426433.777,0.76,0.1724,0.68,0.2011
model-1632425951,1632426434.419,0.6,0.2812,0.7,0.1788
model-1632425951,1632426435.064,0.73,0.1784,0.71,0.1846
model-1632425951,1632426435.707,0.77,0.1701,0.71,0.1867
model-1632425951,1632426436.351,0.7,0.1807,0.71,0.1816
model-1632425951,1632426436.994,0.79,0.1492,0.72,0.1765
model-1632425951,1632426437.638,0.71,0.1906,0.74,0.1742
model-1632425951,1632426438.282,0.72,0.1801,0.75,0.1745
model-1632425951,1632426438.925,0.64,0.216,0.75,0.175
model-1632425951,1632426439.57,0.66,0.1741,0.74,0.1762
model-1632425951,1632426440.214,0.73,0.2065,0.73,0.1753
model-1632425951,1632426440.857,0.66,0.2068,0.73,0.1759
model-1632425951,1632426441.501,0.74,0.1784,0.73,0.1779
model-1632425951,1632426442.145,0.74,0.1622,0.75,0.176
model-1632425951,1632426442.789,0.72,0.1736,0.73,0.1744
model-1632425951,1632426443.433,0.71,0.1982,0.75,0.1757
model-1632425951,1632426444.077,0.72,0.1911,0.73,0.1782
model-1632425951,1632426444.722,0.7,0.2029,0.73,0.1797
model-1632425951,1632426445.366,0.69,0.2016,0.73,0.1792
model-1632425951,1632426446.01,0.62,0.2169,0.72,0.1759
model-1632425951,1632426446.655,0.75,0.2066,0.74,0.1775
model-1632425951,1632426447.3,0.83,0.1474,0.73,0.1779
model-1632425951,1632426447.943,0.72,0.1837,0.73,0.1755
model-1632425951,1632426448.587,0.72,0.1836,0.74,0.1757
model-1632425951,1632426449.231,0.7,0.1916,0.74,0.176
model-1632425951,1632426449.875,0.76,0.1738,0.73,0.1758
model-1632425951,1632426450.519,0.74,0.1791,0.73,0.1752
model-1632425951,1632426451.163,0.72,0.1884,0.73,0.174
model-1632425951,1632426451.807,0.74,0.1863,0.73,0.1735
model-1632425951,1632426452.45,0.73,0.1655,0.74,0.173
model-1632425951,1632426453.093,0.71,0.191,0.73,0.1735
model-1632425951,1632426453.74,0.78,0.1616,0.74,0.1746
model-1632425951,1632426454.385,0.69,0.1895,0.72,0.172
model-1632425951,1632426455.028,0.62,0.2314,0.72,0.1761
model-1632425951,1632426455.672,0.74,0.1884,0.7,0.1805
model-1632425951,1632426456.316,0.7,0.202,0.69,0.1744
model-1632425951,1632426456.96,0.77,0.1728,0.72,0.1728
model-1632425951,1632426457.604,0.8,0.1603,0.74,0.1741
model-1632425951,1632426458.248,0.8,0.15,0.75,0.1751
model-1632425951,1632426458.893,0.75,0.1835,0.73,0.1718
model-1632425951,1632426459.537,0.7,0.1922,0.73,0.1709
model-1632425951,1632426460.182,0.76,0.1789,0.75,0.1714
model-1632425951,1632426460.827,0.71,0.1792,0.74,0.1754
model-1632425951,1632426461.472,0.68,0.2008,0.74,0.1781
model-1632425951,1632426462.116,0.67,0.2199,0.76,0.1686
model-1632425951,1632426462.761,0.77,0.1538,0.76,0.1743
model-1632425951,1632426463.405,0.7,0.188,0.79,0.1727
model-1632425951,1632426464.048,0.7,0.1955,0.76,0.1697
model-1632425951,1632426464.692,0.71,0.1908,0.75,0.1704
model-1632425951,1632426465.336,0.77,0.1722,0.71,0.1763
model-1632425951,1632426465.979,0.69,0.1918,0.68,0.181
model-1632425951,1632426466.623,0.71,0.1727,0.69,0.1791
model-1632425951,1632426467.266,0.76,0.1557,0.74,0.1779
model-1632425951,1632426467.91,0.68,0.1901,0.71,0.1809
model-1632425951,1632426468.554,0.79,0.1627,0.71,0.1858
model-1632425951,1632426469.198,0.78,0.1449,0.72,0.1854
model-1632425951,1632426469.841,0.73,0.187,0.7,0.1825
model-1632425951,1632426470.485,0.68,0.1908,0.72,0.1796
model-1632425951,1632426471.129,0.69,0.1944,0.73,0.1808
model-1632425951,1632426471.773,0.71,0.1998,0.7,0.1827
model-1632425951,1632426472.416,0.74,0.1855,0.72,0.1829
model-1632425951,1632426473.06,0.72,0.182,0.72,0.1831
model-1632425951,1632426473.705,0.66,0.2041,0.7,0.1863
model-1632425951,1632426474.348,0.7,0.1943,0.7,0.1916
model-1632425951,1632426474.991,0.74,0.174,0.7,0.1905
model-1632425951,1632426475.635,0.68,0.2203,0.7,0.184
model-1632425951,1632426476.278,0.74,0.1675,0.74,0.1798
model-1632425951,1632426476.925,0.72,0.1811,0.72,0.1823
model-1632425951,1632426477.569,0.73,0.193,0.73,0.1811
model-1632425951,1632426478.213,0.7,0.176,0.73,0.1772
model-1632425951,1632426478.856,0.7,0.1808,0.71,0.1831
model-1632425951,1632426479.5,0.74,0.1737,0.7,0.1903
model-1632425951,1632426480.144,0.76,0.1629,0.67,0.1928
model-1632425951,1632426480.787,0.69,0.223,0.74,0.1815
model-1632425951,1632426481.43,0.66,0.2019,0.71,0.1837
model-1632425951,1632426482.073,0.78,0.1571,0.68,0.1981
model-1632425951,1632426482.717,0.72,0.1881,0.71,0.1926
model-1632425951,1632426483.36,0.74,0.1923,0.72,0.1782
model-1632425951,1632426484.004,0.76,0.1629,0.77,0.1796
model-1632425951,1632426484.648,0.77,0.1666,0.7,0.1869
model-1632425951,1632426485.294,0.71,0.2024,0.72,0.1866
model-1632425951,1632426485.937,0.69,0.1913,0.74,0.1803
model-1632425951,1632426486.581,0.81,0.1697,0.72,0.1796
model-1632425951,1632426487.225,0.75,0.1884,0.69,0.1879
model-1632425951,1632426487.868,0.77,0.1552,0.68,0.2024
model-1632425951,1632426488.512,0.75,0.1785,0.68,0.2014
model-1632425951,1632426489.155,0.69,0.2003,0.73,0.1855
model-1632425951,1632426489.798,0.72,0.189,0.7,0.1775
model-1632425951,1632426490.442,0.76,0.1677,0.7,0.1787
model-1632425951,1632426491.085,0.67,0.1915,0.72,0.1779
model-1632425951,1632426491.729,0.77,0.1782,0.7,0.1737
model-1632425951,1632426492.372,0.68,0.2089,0.72,0.1712
model-1632425951,1632426493.015,0.72,0.1822,0.71,0.1712
model-1632425951,1632426493.661,0.82,0.1528,0.71,0.1725
model-1632425951,1632426494.313,0.71,0.1951,0.72,0.1715
model-1632425951,1632426494.957,0.77,0.1637,0.76,0.1715
model-1632425951,1632426495.6,0.81,0.1474,0.75,0.1714
model-1632425951,1632426496.244,0.73,0.1858,0.74,0.1698
model-1632425951,1632426496.889,0.68,0.1948,0.73,0.1687
model-1632425951,1632426497.533,0.76,0.1598,0.75,0.1678
model-1632425951,1632426498.177,0.76,0.1723,0.72,0.1709
model-1632425951,1632426498.82,0.76,0.1713,0.73,0.1771
model-1632425951,1632426499.464,0.67,0.224,0.74,0.1697
model-1632425951,1632426500.108,0.71,0.2052,0.76,0.1725
model-1632425951,1632426500.751,0.75,0.1865,0.73,0.1781
model-1632425951,1632426501.395,0.74,0.1693,0.75,0.1781
model-1632425951,1632426502.038,0.65,0.2142,0.73,0.1772
model-1632425951,1632426502.68,0.72,0.1882,0.75,0.1766
model-1632425951,1632426503.324,0.84,0.1478,0.73,0.1782
model-1632425951,1632426503.968,0.76,0.1702,0.74,0.1812
model-1632425951,1632426504.611,0.67,0.2035,0.73,0.1817
model-1632425951,1632426505.255,0.82,0.1478,0.72,0.1797
model-1632425951,1632426505.899,0.79,0.1579,0.74,0.1779
model-1632425951,1632426506.542,0.73,0.1844,0.77,0.1765
model-1632425951,1632426507.185,0.74,0.176,0.77,0.1745
model-1632425951,1632426507.83,0.75,0.172,0.75,0.1738
model-1632425951,1632426508.473,0.72,0.1813,0.75,0.1745
model-1632425951,1632426509.116,0.67,0.1896,0.77,0.1714
model-1632425951,1632426509.76,0.75,0.1719,0.78,0.1678
model-1632425951,1632426510.404,0.79,0.1377,0.8,0.1655
model-1632425951,1632426511.047,0.76,0.1423,0.79,0.1648
model-1632425951,1632426511.689,0.81,0.1542,0.81,0.1653
model-1632425951,1632426512.333,0.77,0.1803,0.78,0.1616
model-1632425951,1632426512.975,0.76,0.1636,0.73,0.1648
model-1632425951,1632426513.618,0.72,0.1759,0.75,0.1634
model-1632425951,1632426514.26,0.7,0.1954,0.76,0.1651
model-1632425951,1632426514.902,0.78,0.1526,0.75,0.1669
model-1632425951,1632426515.546,0.82,0.1432,0.74,0.1647
model-1632425951,1632426516.188,0.7,0.1791,0.74,0.1727
model-1632425951,1632426516.832,0.83,0.1423,0.73,0.1863
model-1632425951,1632426517.476,0.68,0.2132,0.73,0.1843
model-1632425951,1632426518.119,0.67,0.225,0.72,0.174
model-1632425951,1632426518.763,0.79,0.147,0.7,0.203
model-1632425951,1632426519.407,0.65,0.2177,0.7,0.2041
model-1632425951,1632426520.05,0.6,0.2472,0.73,0.1852
model-1632425951,1632426520.694,0.69,0.189,0.7,0.178
model-1632425951,1632426521.337,0.8,0.1554,0.72,0.1845
model-1632425951,1632426521.981,0.79,0.1723,0.68,0.1973
model-1632425951,1632426522.624,0.77,0.1701,0.67,0.2116
model-1632425951,1632426523.268,0.61,0.2426,0.66,0.2
model-1632425951,1632426523.912,0.71,0.1926,0.71,0.1863
model-1632425951,1632426524.555,0.66,0.2007,0.74,0.1797
model-1632425951,1632426525.199,0.81,0.1535,0.74,0.182
model-1632425951,1632426525.842,0.76,0.1766,0.74,0.1844
model-1632425951,1632426526.486,0.71,0.1849,0.72,0.1854
model-1632425951,1632426527.129,0.74,0.1887,0.71,0.1861
model-1632425951,1632426527.773,0.78,0.1695,0.73,0.1839
model-1632425951,1632426528.416,0.75,0.1847,0.77,0.179
model-1632425951,1632426529.058,0.73,0.1865,0.76,0.1751
model-1632425951,1632426529.702,0.83,0.1517,0.72,0.1769
model-1632425951,1632426530.346,0.79,0.1688,0.7,0.1789
model-1632425951,1632426530.989,0.75,0.1716,0.69,0.1773
model-1632425951,1632426531.632,0.75,0.1591,0.72,0.1739
model-1632425951,1632426532.276,0.74,0.1598,0.75,0.1726
model-1632425951,1632426532.92,0.67,0.2075,0.75,0.1727
model-1632425951,1632426533.563,0.71,0.1996,0.74,0.1744
model-1632425951,1632426534.206,0.74,0.1671,0.74,0.1715
model-1632425951,1632426534.85,0.79,0.1547,0.75,0.1675
model-1632425951,1632426535.492,0.79,0.1356,0.75,0.1654
model-1632425951,1632426536.135,0.76,0.1471,0.75,0.1675
model-1632425951,1632426536.778,0.72,0.1821,0.75,0.1723
model-1632425951,1632426537.421,0.69,0.1836,0.76,0.1729
model-1632425951,1632426537.827,0.79,0.1557,0.74,0.1805
model-1632425951,1632426538.47,0.74,0.1886,0.74,0.1809
model-1632425951,1632426539.113,0.77,0.1632,0.75,0.1727
model-1632425951,1632426539.755,0.79,0.1552,0.72,0.1721
model-1632425951,1632426540.399,0.79,0.1606,0.71,0.1843
model-1632425951,1632426541.041,0.73,0.196,0.69,0.1861
model-1632425951,1632426541.683,0.73,0.1606,0.68,0.1797
model-1632425951,1632426542.326,0.75,0.1732,0.75,0.1736
model-1632425951,1632426542.969,0.73,0.1861,0.71,0.1855
model-1632425951,1632426543.612,0.72,0.1774,0.69,0.1975
model-1632425951,1632426544.255,0.7,0.2056,0.7,0.191
model-1632425951,1632426544.898,0.81,0.1516,0.74,0.1765
model-1632425951,1632426545.542,0.77,0.163,0.75,0.1703
model-1632425951,1632426546.185,0.76,0.1475,0.73,0.1727
model-1632425951,1632426546.828,0.79,0.1532,0.73,0.1721
model-1632425951,1632426547.471,0.75,0.161,0.73,0.1694
model-1632425951,1632426548.114,0.69,0.2042,0.77,0.1646
model-1632425951,1632426548.756,0.76,0.1673,0.79,0.1641
model-1632425951,1632426549.399,0.78,0.1593,0.78,0.1676
model-1632425951,1632426550.042,0.71,0.1828,0.74,0.1709
model-1632425951,1632426550.685,0.81,0.1415,0.76,0.1686
model-1632425951,1632426551.327,0.67,0.2102,0.78,0.1619
model-1632425951,1632426551.972,0.73,0.179,0.8,0.157
model-1632425951,1632426552.616,0.71,0.1696,0.8,0.1575
model-1632425951,1632426553.258,0.72,0.1714,0.79,0.1555
model-1632425951,1632426553.902,0.76,0.1647,0.79,0.1559
model-1632425951,1632426554.545,0.72,0.1641,0.79,0.1567
model-1632425951,1632426555.189,0.79,0.1442,0.78,0.1577
model-1632425951,1632426555.831,0.73,0.1625,0.77,0.159
model-1632425951,1632426556.474,0.78,0.1545,0.77,0.1586
model-1632425951,1632426557.117,0.76,0.1807,0.75,0.1564
model-1632425951,1632426557.761,0.75,0.1641,0.73,0.1553
model-1632425951,1632426558.403,0.75,0.1661,0.76,0.1555
model-1632425951,1632426559.047,0.72,0.188,0.74,0.1525
model-1632425951,1632426559.69,0.79,0.1524,0.79,0.1502
model-1632425951,1632426560.333,0.76,0.1822,0.81,0.1502
model-1632425951,1632426560.977,0.65,0.2147,0.79,0.1508
model-1632425951,1632426561.62,0.76,0.1821,0.78,0.1508
model-1632425951,1632426562.263,0.76,0.1519,0.81,0.1504
model-1632425951,1632426562.907,0.77,0.1503,0.8,0.1513
model-1632425951,1632426563.552,0.78,0.1726,0.79,0.157
model-1632425951,1632426564.196,0.75,0.1817,0.78,0.1599
model-1632425951,1632426564.841,0.68,0.2088,0.77,0.1566
model-1632425951,1632426565.486,0.7,0.1932,0.81,0.1586
model-1632425951,1632426566.132,0.68,0.2082,0.78,0.1617
model-1632425951,1632426566.777,0.8,0.1373,0.74,0.1668
model-1632425951,1632426567.422,0.62,0.2018,0.81,0.1604
model-1632425951,1632426568.067,0.74,0.1774,0.79,0.1591
model-1632425951,1632426568.711,0.83,0.1549,0.79,0.1612
model-1632425951,1632426569.356,0.78,0.1599,0.77,0.1621
model-1632425951,1632426570.0,0.76,0.1568,0.79,0.16
model-1632425951,1632426570.645,0.71,0.1713,0.74,0.1622
model-1632425951,1632426571.289,0.75,0.1627,0.73,0.1687
model-1632425951,1632426571.934,0.78,0.1663,0.7,0.1801
model-1632425951,1632426572.579,0.8,0.141,0.69,0.1863
model-1632425951,1632426573.224,0.73,0.1746,0.71,0.177
model-1632425951,1632426573.868,0.76,0.1533,0.72,0.1691
model-1632425951,1632426574.513,0.72,0.1967,0.74,0.1715
model-1632425951,1632426575.157,0.79,0.1551,0.76,0.174
model-1632425951,1632426575.801,0.73,0.1664,0.75,0.1747
model-1632425951,1632426576.444,0.74,0.169,0.76,0.1698
model-1632425951,1632426577.086,0.77,0.1517,0.74,0.1703
model-1632425951,1632426577.729,0.76,0.1536,0.71,0.1817
model-1632425951,1632426578.372,0.81,0.1481,0.7,0.1853
model-1632425951,1632426579.015,0.64,0.2487,0.75,0.1654
model-1632425951,1632426579.658,0.77,0.1482,0.77,0.1655
model-1632425951,1632426580.301,0.82,0.1427,0.79,0.1646
model-1632425951,1632426580.943,0.74,0.162,0.79,0.1589
model-1632425951,1632426581.586,0.81,0.1359,0.76,0.1575
model-1632425951,1632426582.229,0.76,0.1768,0.78,0.1567
model-1632425951,1632426582.871,0.75,0.1583,0.78,0.1551
model-1632425951,1632426583.514,0.65,0.1957,0.77,0.155
model-1632425951,1632426584.157,0.77,0.1581,0.79,0.1566
model-1632425951,1632426584.8,0.74,0.1895,0.78,0.1586
model-1632425951,1632426585.443,0.72,0.1787,0.78,0.1592
model-1632425951,1632426586.086,0.82,0.1508,0.79,0.1581
model-1632425951,1632426586.728,0.79,0.1387,0.78,0.1563
model-1632425951,1632426587.37,0.76,0.1526,0.79,0.1566
model-1632425951,1632426588.013,0.73,0.1908,0.74,0.1588
model-1632425951,1632426588.656,0.76,0.1675,0.75,0.1625
model-1632425951,1632426589.299,0.75,0.1872,0.76,0.1637
model-1632425951,1632426589.942,0.72,0.1854,0.74,0.1631
model-1632425951,1632426590.585,0.7,0.1995,0.76,0.1608
model-1632425951,1632426591.229,0.74,0.2036,0.76,0.1611
model-1632425951,1632426591.871,0.83,0.1325,0.74,0.1608
model-1632425951,1632426592.514,0.75,0.1619,0.76,0.1587
model-1632425951,1632426593.157,0.74,0.1812,0.75,0.1588
model-1632425951,1632426593.8,0.72,0.1837,0.75,0.158
model-1632425951,1632426594.443,0.77,0.1592,0.75,0.1556
model-1632425951,1632426595.086,0.79,0.1544,0.76,0.1557
model-1632425951,1632426595.73,0.74,0.1659,0.76,0.1542
model-1632425951,1632426596.371,0.75,0.1513,0.77,0.1527
model-1632425951,1632426597.015,0.79,0.1503,0.81,0.1493
model-1632425951,1632426597.657,0.76,0.1703,0.82,0.1481
model-1632425951,1632426598.301,0.79,0.149,0.81,0.1485
model-1632425951,1632426598.944,0.74,0.1821,0.81,0.1474
model-1632425951,1632426599.587,0.7,0.1984,0.8,0.1485
model-1632425951,1632426600.23,0.75,0.1686,0.81,0.1521
model-1632425951,1632426600.874,0.74,0.1749,0.8,0.1502
model-1632425951,1632426601.518,0.77,0.1518,0.81,0.1485
model-1632425951,1632426602.161,0.86,0.1308,0.81,0.1483
model-1632425951,1632426602.804,0.88,0.1231,0.78,0.1505
model-1632425951,1632426603.447,0.74,0.1713,0.78,0.1504
model-1632425951,1632426604.091,0.78,0.1536,0.8,0.1493
model-1632425951,1632426604.735,0.76,0.1562,0.79,0.1491
model-1632425951,1632426605.382,0.73,0.1602,0.79,0.1538
model-1632425951,1632426606.025,0.73,0.1866,0.77,0.1584
model-1632425951,1632426606.669,0.67,0.203,0.8,0.1514
model-1632425951,1632426607.313,0.83,0.1409,0.78,0.1599
model-1632425951,1632426607.957,0.77,0.1795,0.8,0.1578
model-1632425951,1632426608.601,0.72,0.1739,0.81,0.1533
model-1632425951,1632426609.245,0.73,0.1831,0.8,0.1522
model-1632425951,1632426609.889,0.8,0.1499,0.78,0.157
model-1632425951,1632426610.532,0.71,0.1761,0.75,0.1618
model-1632425951,1632426611.175,0.8,0.1429,0.75,0.16
model-1632425951,1632426611.818,0.8,0.1392,0.77,0.1577
model-1632425951,1632426612.461,0.77,0.1718,0.79,0.1607
model-1632425951,1632426613.104,0.82,0.1404,0.75,0.167
model-1632425951,1632426613.748,0.84,0.1331,0.75,0.1668
model-1632425951,1632426614.392,0.73,0.1686,0.74,0.1649
model-1632425951,1632426615.035,0.7,0.1767,0.74,0.1641
model-1632425951,1632426615.678,0.74,0.183,0.71,0.168
model-1632425951,1632426616.321,0.74,0.1947,0.72,0.1685
model-1632425951,1632426616.965,0.74,0.1699,0.72,0.1659
model-1632425951,1632426617.608,0.75,0.1676,0.77,0.1647
model-1632425951,1632426618.252,0.78,0.1814,0.74,0.1687
model-1632425951,1632426618.895,0.74,0.168,0.71,0.1765
model-1632425951,1632426619.537,0.76,0.1635,0.72,0.1767
model-1632425951,1632426620.181,0.71,0.1969,0.74,0.1702
model-1632425951,1632426620.824,0.76,0.1484,0.76,0.1659
model-1632425951,1632426621.468,0.83,0.1476,0.76,0.1665
model-1632425951,1632426622.111,0.77,0.1708,0.76,0.1679
model-1632425951,1632426622.754,0.71,0.1532,0.78,0.1644
model-1632425951,1632426623.398,0.75,0.1725,0.76,0.1602
model-1632425951,1632426624.041,0.84,0.1461,0.75,0.1663
model-1632425951,1632426624.685,0.8,0.1401,0.74,0.1807
model-1632425951,1632426625.328,0.71,0.2067,0.76,0.1781
model-1632425951,1632426625.971,0.63,0.2187,0.76,0.1662
model-1632425951,1632426626.615,0.79,0.1464,0.73,0.1688
model-1632425951,1632426627.258,0.82,0.1522,0.73,0.1762
model-1632425951,1632426627.901,0.81,0.1683,0.73,0.174
model-1632425951,1632426628.545,0.77,0.1586,0.76,0.1678
model-1632425951,1632426629.188,0.79,0.1571,0.76,0.1641
model-1632425951,1632426629.831,0.74,0.1658,0.73,0.1652
model-1632425951,1632426630.476,0.73,0.1586,0.74,0.1651
model-1632425951,1632426631.12,0.82,0.159,0.73,0.1653
model-1632425951,1632426631.762,0.73,0.1867,0.77,0.1622
model-1632425951,1632426632.406,0.84,0.1412,0.76,0.1651
model-1632425951,1632426633.048,0.8,0.1471,0.75,0.1691
model-1632425951,1632426633.691,0.77,0.1754,0.76,0.1654
model-1632425951,1632426634.334,0.73,0.1693,0.77,0.1571
model-1632425951,1632426634.977,0.85,0.1418,0.79,0.1544
model-1632425951,1632426635.619,0.75,0.1576,0.78,0.1513
model-1632425951,1632426636.262,0.78,0.1496,0.8,0.1494
model-1632425951,1632426636.905,0.69,0.1976,0.8,0.1486
model-1632425951,1632426637.548,0.78,0.1596,0.82,0.1508
model-1632425951,1632426638.191,0.81,0.1501,0.8,0.1526
model-1632425951,1632426638.833,0.68,0.1889,0.79,0.1505
model-1632425951,1632426639.476,0.77,0.1523,0.81,0.1509
model-1632425951,1632426640.12,0.84,0.1331,0.82,0.1515
model-1632425951,1632426640.762,0.79,0.1576,0.82,0.1486
model-1632425951,1632426641.405,0.75,0.1615,0.81,0.147
model-1632425951,1632426642.048,0.82,0.1427,0.82,0.1466
model-1632425951,1632426642.692,0.82,0.1491,0.82,0.1479
model-1632425951,1632426643.335,0.84,0.1452,0.8,0.1533
model-1632425951,1632426643.977,0.75,0.1797,0.8,0.1512
model-1632425951,1632426644.62,0.73,0.1886,0.8,0.154
model-1632425951,1632426645.262,0.79,0.1699,0.81,0.1562
model-1632425951,1632426645.904,0.8,0.1407,0.78,0.1581
model-1632425951,1632426646.547,0.67,0.2049,0.75,0.1641
model-1632425951,1632426647.189,0.71,0.177,0.77,0.1666
model-1632425951,1632426647.831,0.87,0.133,0.75,0.1666
model-1632425951,1632426648.473,0.78,0.1587,0.74,0.1684
model-1632425951,1632426649.114,0.74,0.1898,0.75,0.1731
model-1632425951,1632426649.756,0.76,0.1459,0.73,0.1727
model-1632425951,1632426650.398,0.82,0.1357,0.76,0.1665
model-1632425951,1632426651.039,0.75,0.1757,0.79,0.1626
model-1632425951,1632426651.681,0.78,0.16,0.8,0.1615
model-1632425951,1632426652.324,0.78,0.1444,0.81,0.1634
model-1632425951,1632426652.967,0.77,0.1708,0.81,0.1569
model-1632425951,1632426653.61,0.71,0.1744,0.79,0.151
model-1632425951,1632426654.253,0.8,0.1498,0.75,0.1572
model-1632425951,1632426654.896,0.78,0.135,0.78,0.1551
model-1632425951,1632426655.539,0.8,0.1361,0.79,0.149
model-1632425951,1632426656.181,0.83,0.1327,0.81,0.1458
model-1632425951,1632426656.83,0.8,0.1476,0.79,0.1495
model-1632425951,1632426657.472,0.77,0.1549,0.8,0.1494
model-1632425951,1632426658.115,0.78,0.162,0.81,0.1486
model-1632425951,1632426658.756,0.76,0.1708,0.75,0.1634
model-1632425951,1632426659.399,0.77,0.1591,0.75,0.1595
model-1632425951,1632426660.042,0.83,0.1344,0.79,0.1509
model-1632425951,1632426660.685,0.76,0.1566,0.8,0.167
model-1632425951,1632426661.327,0.83,0.1332,0.76,0.1826
model-1632425951,1632426661.97,0.68,0.2014,0.78,0.1748
model-1632425951,1632426662.613,0.67,0.2174,0.76,0.1582
model-1632425951,1632426663.256,0.82,0.1263,0.7,0.1879
model-1632425951,1632426663.9,0.67,0.2092,0.69,0.2015
model-1632425951,1632426664.542,0.6,0.2413,0.71,0.1881
model-1632425951,1632426665.187,0.7,0.1856,0.74,0.1717
model-1632425951,1632426665.829,0.8,0.1436,0.77,0.1674
model-1632425951,1632426666.472,0.83,0.1535,0.73,0.1796
model-1632425951,1632426667.115,0.78,0.1547,0.69,0.2015
model-1632425951,1632426667.758,0.71,0.2166,0.66,0.2007
model-1632425951,1632426668.401,0.75,0.1951,0.67,0.1906
model-1632425951,1632426669.044,0.67,0.2033,0.75,0.177
model-1632425951,1632426669.686,0.81,0.1394,0.82,0.1713
model-1632425951,1632426670.327,0.77,0.1636,0.75,0.1722
model-1632425951,1632426670.971,0.77,0.1751,0.75,0.1756
model-1632425951,1632426671.613,0.77,0.1713,0.71,0.1797
model-1632425951,1632426672.255,0.8,0.1615,0.73,0.1798
model-1632425951,1632426672.898,0.72,0.1835,0.74,0.1754
model-1632425951,1632426673.542,0.74,0.1892,0.77,0.1673
model-1632425951,1632426674.185,0.81,0.151,0.78,0.1598
model-1632425951,1632426674.828,0.77,0.1542,0.81,0.1591
model-1632425951,1632426675.471,0.77,0.149,0.77,0.1627
model-1632425951,1632426676.113,0.81,0.1428,0.78,0.1644
model-1632425951,1632426676.757,0.76,0.1483,0.77,0.1617
model-1632425951,1632426677.4,0.72,0.1935,0.75,0.1594
model-1632425951,1632426678.043,0.74,0.1864,0.73,0.1618
model-1632425951,1632426678.686,0.75,0.1608,0.72,0.1638
model-1632425951,1632426679.329,0.78,0.16,0.73,0.1626
model-1632425951,1632426679.972,0.79,0.1308,0.77,0.1593
model-1632425951,1632426680.615,0.82,0.1406,0.78,0.1539
model-1632425951,1632426681.258,0.75,0.1688,0.79,0.1524
model-1632425951,1632426681.9,0.76,0.1615,0.8,0.155
model-1632425951,1632426682.305,0.81,0.1467,0.78,0.1652
